<?xml version="1.0" encoding="UTF-8"?>
<testng-results ignored="0" total="1" passed="1" failed="0" skipped="0">
  <reporter-output>
  </reporter-output>
  <suite started-at="2024-05-11T10:36:22 IST" name="Suite" finished-at="2024-05-11T10:36:42 IST" duration-ms="20189">
    <groups>
    </groups>
    <test started-at="2024-05-11T10:36:22 IST" name="Test" finished-at="2024-05-11T10:36:42 IST" duration-ms="20189">
      <class name="optional.Optional">
        <test-method signature="loginToVtiger(java.lang.String,java.lang.String,java.lang.String,java.lang.String)[pri:0, instance:optional.Optional@3d680b5a]" started-at="2024-05-11T10:36:22 IST" name="loginToVtiger" finished-at="2024-05-11T10:36:42 IST" duration-ms="20037" status="PASS">
          <params>
            <param index="0">
              <value>
                <![CDATA[firefox]]>
              </value>
            </param>
            <param index="1">
              <value>
                <![CDATA[https://demo.vtiger.com/vtigercrm/index.php]]>
              </value>
            </param>
            <param index="2">
              <value>
                <![CDATA[admin]]>
              </value>
            </param>
            <param index="3">
              <value>
                <![CDATA[admin]]>
              </value>
            </param>
          </params>
          <reporter-output>
          </reporter-output>
        </test-method> <!-- loginToVtiger -->
      </class> <!-- optional.Optional -->
    </test> <!-- Test -->
  </suite> <!-- Suite -->
</testng-results>
